This is e-pTeX, Version 3.14159265-p3.6-141210-2.6 (utf8.euc) (TeX Live 2015) (preloaded format=platex 2015.10.19)  23 JUN 2017 15:54
entering extended mode
 restricted \write18 enabled.
 file:line:error style messages enabled.
 %&-line parsing enabled.
**tun_vac.tex
(./tun_vac.tex
pLaTeX2e <2006/11/10> (based on LaTeX2e <2015/10/01> patch level 1)
Babel <3.9m> and hyphenation patterns for 79 languages loaded.
./tun_vac.tex:2: Undefined control sequence.
l.2 \subsubsection
                  *{\bf Vacuum system for KAGRA}
? 
./tun_vac.tex:2: Emergency stop.
l.2 \subsubsection
                  *{\bf Vacuum system for KAGRA}
End of file on the terminal!

 
Here is how much of TeX's memory you used:
 4 strings out of 493742
 42 string characters out of 6151251
 53604 words of memory out of 5000000
 3631 multiletter control sequences out of 15000+600000
 7519 words of font info for 31 fonts, out of 8000000 for 9000
 929 hyphenation exceptions out of 8191
 5i,0n,3p,58b,8s stack positions out of 5000i,500n,10000p,200000b,80000s
No pages of output.
